2025-10-23 20:29:31,303 - INFO - [server] [system] Server started successfully
2025-10-23 20:29:32,506 - INFO - [shutdown] [system] Shutting down...
2025-10-23 20:38:00,117 - INFO - [server] [system] Server started successfully
2025-10-23 20:39:13,606 - INFO - [api] [73979999-2747-43e0-aa95-2617e38c8618] POST /threshold
2025-10-23 20:39:22,786 - INFO - [api] [26ae9057-a885-4de4-938c-1b38e43e0bda] POST /threshold
2025-10-23 20:39:47,701 - INFO - [api] [54836171-6074-47a2-ad11-9b1467a5bbc8] POST /threshold
2025-10-23 20:40:44,556 - INFO - [api] [b1415836-8e05-4b21-b855-1eaafd7a56a3] POST /threshold
2025-10-23 20:41:00,347 - INFO - [api] [1d6fef81-1678-407f-9a6a-f3b22f18c7ed] POST /threshold
2025-10-23 20:41:06,995 - INFO - [api] [c49f6baa-f46a-45a2-b7db-4cb61d4a781a] POST /threshold
2025-10-23 20:41:20,690 - INFO - [api] [4046460a-689e-4ae6-9e3b-c7b745d41bc1] POST /threshold
2025-10-23 20:41:21,398 - INFO - [api] [bdd118c2-baf7-4adf-a8f3-89607d946c03] POST /threshold
2025-10-23 20:41:37,113 - INFO - [api] [c77bf13e-0ac6-40a1-8afc-2cb4381977ba] POST /threshold
2025-10-23 20:41:58,519 - INFO - [shutdown] [system] Shutting down...
2025-10-23 20:41:59,933 - INFO - [shutdown] [system] Shutting down...
2025-10-23 20:42:00,489 - INFO - [shutdown] [system] Shutting down...
2025-10-23 20:42:01,072 - INFO - [shutdown] [system] Shutting down...
2025-10-23 20:42:01,226 - INFO - [shutdown] [system] Shutting down...
2025-10-23 20:42:01,390 - INFO - [shutdown] [system] Shutting down...
2025-10-23 20:42:01,541 - INFO - [shutdown] [system] Shutting down...
2025-10-23 20:42:01,714 - INFO - [shutdown] [system] Shutting down...
2025-10-23 20:42:02,087 - INFO - [shutdown] [system] Shutting down...
2025-10-23 20:42:44,516 - INFO - [server] [system] Server started successfully
2025-10-23 20:42:47,152 - INFO - [api] [fe261e92-abfd-4cfe-8efc-ff1195319385] POST /threshold
2025-10-23 20:43:32,045 - INFO - [api] [0c3972c3-efb1-4244-8f4b-4823530e0471] POST /threshold
2025-10-23 20:43:37,580 - INFO - [api] [2a789c57-2fe3-4e16-9c0e-9debb25c769f] POST /threshold
2025-10-23 20:43:46,199 - INFO - [shutdown] [system] Shutting down...
2025-10-23 20:43:46,928 - INFO - [shutdown] [system] Shutting down...
2025-10-23 20:43:47,370 - INFO - [shutdown] [system] Shutting down...
2025-10-23 20:43:47,993 - INFO - [shutdown] [system] Shutting down...
2025-10-23 20:43:50,817 - INFO - [server] [system] Server started successfully
2025-10-23 20:43:54,069 - INFO - [api] [bff1d86c-fb9d-476c-9ba4-d57b1627f549] POST /threshold
2025-10-23 20:44:29,910 - INFO - [shutdown] [system] Shutting down...
2025-10-23 20:44:33,032 - INFO - [server] [system] Server started successfully
2025-10-23 20:44:35,344 - INFO - [api] [8b39bf43-55f6-44b7-bdcd-a4c7de99baf2] POST /threshold
2025-10-23 20:44:54,209 - INFO - [shutdown] [system] Shutting down...
2025-10-23 20:44:54,603 - INFO - [shutdown] [system] Shutting down...
2025-10-23 20:44:54,802 - INFO - [shutdown] [system] Shutting down...
2025-10-23 20:44:57,838 - INFO - [server] [system] Server started successfully
2025-10-23 20:45:00,107 - INFO - [api] [6b315b94-b978-4d65-979e-04634a4cac3f] POST /threshold
2025-10-23 20:45:16,895 - INFO - [api] [011d6eb8-378f-40e9-92cf-2058065d3fb6] POST /threshold
2025-10-23 20:45:19,693 - INFO - [shutdown] [system] Shutting down...
2025-10-23 20:45:19,873 - INFO - [shutdown] [system] Shutting down...
2025-10-23 20:45:20,023 - INFO - [shutdown] [system] Shutting down...
2025-10-23 20:45:23,334 - INFO - [server] [system] Server started successfully
2025-10-23 20:45:25,583 - INFO - [api] [745f1bc4-6f38-47b7-a483-9a732e355420] POST /threshold
2025-10-23 20:45:33,494 - INFO - [api] [5b064546-94b8-406e-8fe8-dd6aa40c52a8] POST /threshold
